{"uuid":"f610920e-6594-4962-80ad-313fa794813c","historyId":"a8a6baaf88d6dc1557e0576d1ecb812a","fullName":"lifetek.vn.projects.website.crm.testcases.ClientTest.testSearchClient","labels":[{"name":"package","value":"lifetek.vn.projects.website.crm.testcases.ClientTest"},{"name":"testClass","value":"lifetek.vn.projects.website.crm.testcases.ClientTest"},{"name":"testMethod","value":"testSearchClient"},{"name":"parentSuite","value":"Regression Tests"},{"name":"suite","value":"Client Test"},{"name":"subSuite","value":"lifetek.vn.projects.website.crm.testcases.ClientTest"},{"name":"host","value":"DESKTOP-DLI1F52"},{"name":"thread","value":"8104@DESKTOP-DLI1F52.TestNG-tests-1(30)"},{"name":"framework","value":"testng"},{"name":"language","value":"java"},{"name":"epic","value":"Regression Test CRM"},{"name":"feature","value":"Clients Test"}],"links":[],"name":"testSearchClient","status":"broken","statusDetails":{"known":false,"muted":false,"flaky":false,"message":"stale element reference: element is not attached to the page document\n  (Session info: chrome=103.0.5060.114)\nFor documentation on this error, please visit: https://selenium.dev/exceptions/#stale_element_reference\nBuild info: version: '4.2.2', revision: '683ccb65d6'\nSystem info: host: 'DESKTOP-DLI1F52', ip: '192.168.1.104', os.name: 'Windows 10', os.arch: 'amd64', os.version: '10.0', java.version: '18.0.1.1'\nDriver info: org.openqa.selenium.chrome.ChromeDriver\nCommand: [6703efa87997138adbfa6a35507306a0, executeScript {script=arguments[0].scrollIntoView(true);, args=[{ELEMENT=3d8180c7-f4d3-46db-bef0-eaa9fa927862, element-6066-11e4-a52e-4f735466cecf=3d8180c7-f4d3-46db-bef0-eaa9fa927862}]}]\nCapabilities {acceptInsecureCerts: false, browserName: chrome, browserVersion: 103.0.5060.114, chrome: {chromedriverVersion: 103.0.5060.53 (a1711811edd7..., userDataDir: C:\\Users\\HL94NVT\\AppData\\Lo...}, goog:chromeOptions: {debuggerAddress: localhost:55477}, networkConnectionEnabled: false, pageLoadStrategy: normal, platformName: WINDOWS, proxy: Proxy(), se:cdp: ws://localhost:55477/devtoo..., se:cdpVersion: 103.0.5060.114, setWindowRect: true, strictFileInteractability: false, timeouts: {implicit: 0, pageLoad: 300000, script: 30000}, unhandledPromptBehavior: dismiss and notify, webauthn:extension:credBlob: true, webauthn:extension:largeBlob: true, webauthn:virtualAuthenticators: true}\nSession ID: 6703efa87997138adbfa6a35507306a0","trace":"org.openqa.selenium.StaleElementReferenceException: stale element reference: element is not attached to the page document\n  (Session info: chrome=103.0.5060.114)\nFor documentation on this error, please visit: https://selenium.dev/exceptions/#stale_element_reference\nBuild info: version: '4.2.2', revision: '683ccb65d6'\nSystem info: host: 'DESKTOP-DLI1F52', ip: '192.168.1.104', os.name: 'Windows 10', os.arch: 'amd64', os.version: '10.0', java.version: '18.0.1.1'\nDriver info: org.openqa.selenium.chrome.ChromeDriver\nCommand: [6703efa87997138adbfa6a35507306a0, executeScript {script=arguments[0].scrollIntoView(true);, args=[{ELEMENT=3d8180c7-f4d3-46db-bef0-eaa9fa927862, element-6066-11e4-a52e-4f735466cecf=3d8180c7-f4d3-46db-bef0-eaa9fa927862}]}]\nCapabilities {acceptInsecureCerts: false, browserName: chrome, browserVersion: 103.0.5060.114, chrome: {chromedriverVersion: 103.0.5060.53 (a1711811edd7..., userDataDir: C:\\Users\\HL94NVT\\AppData\\Lo...}, goog:chromeOptions: {debuggerAddress: localhost:55477}, networkConnectionEnabled: false, pageLoadStrategy: normal, platformName: WINDOWS, proxy: Proxy(), se:cdp: ws://localhost:55477/devtoo..., se:cdpVersion: 103.0.5060.114, setWindowRect: true, strictFileInteractability: false, timeouts: {implicit: 0, pageLoad: 300000, script: 30000}, unhandledPromptBehavior: dismiss and notify, webauthn:extension:credBlob: true, webauthn:extension:largeBlob: true, webauthn:virtualAuthenticators: true}\nSession ID: 6703efa87997138adbfa6a35507306a0\r\n\tat java.base/jdk.internal.reflect.DirectConstructorHandleAccessor.newInstance(DirectConstructorHandleAccessor.java:67)\r\n\tat java.base/java.lang.reflect.Constructor.newInstanceWithCaller(Constructor.java:499)\r\n\tat java.base/java.lang.reflect.Constructor.newInstance(Constructor.java:483)\r\n\tat org.openqa.selenium.remote.codec.w3c.W3CHttpResponseCodec.createException(W3CHttpResponseCodec.java:200)\r\n\tat org.openqa.selenium.remote.codec.w3c.W3CHttpResponseCodec.decode(W3CHttpResponseCodec.java:133)\r\n\tat org.openqa.selenium.remote.codec.w3c.W3CHttpResponseCodec.decode(W3CHttpResponseCodec.java:53)\r\n\tat org.openqa.selenium.remote.HttpCommandExecutor.execute(HttpCommandExecutor.java:184)\r\n\tat org.openqa.selenium.remote.service.DriverCommandExecutor.invokeExecute(DriverCommandExecutor.java:167)\r\n\tat org.openqa.selenium.remote.service.DriverCommandExecutor.execute(DriverCommandExecutor.java:142)\r\n\tat org.openqa.selenium.remote.RemoteWebDriver.execute(RemoteWebDriver.java:588)\r\n\tat org.openqa.selenium.remote.RemoteWebDriver.executeScript(RemoteWebDriver.java:522)\r\n\tat java.base/jdk.internal.reflect.DirectMethodHandleAccessor.invoke(DirectMethodHandleAccessor.java:104)\r\n\tat java.base/java.lang.reflect.Method.invoke(Method.java:577)\r\n\tat org.openqa.selenium.support.ThreadGuard$WebDriverInvocationHandler.invokeUnderlying(ThreadGuard.java:101)\r\n\tat org.openqa.selenium.support.ThreadGuard$WebDriverInvocationHandler.invoke(ThreadGuard.java:93)\r\n\tat jdk.proxy2/jdk.proxy2.$Proxy37.executeScript(Unknown Source)\r\n\tat lifetek.vn.utils.WebUI.checkContainsSearchTableByColumn(WebUI.java:1239)\r\n\tat lifetek.vn.projects.website.crm.testcases.ClientTest.testSearchClient(ClientTest.java:53)\r\n\tat java.base/jdk.internal.reflect.DirectMethodHandleAccessor.invoke(DirectMethodHandleAccessor.java:104)\r\n\tat java.base/java.lang.reflect.Method.invoke(Method.java:577)\r\n\tat org.testng.internal.MethodInvocationHelper.invokeMethod(MethodInvocationHelper.java:133)\r\n\tat org.testng.internal.TestInvoker.invokeMethod(TestInvoker.java:598)\r\n\tat org.testng.internal.TestInvoker.invokeTestMethod(TestInvoker.java:173)\r\n\tat org.testng.internal.MethodRunner.runInSequence(MethodRunner.java:46)\r\n\tat org.testng.internal.TestInvoker$MethodInvocationAgent.invoke(TestInvoker.java:824)\r\n\tat org.testng.internal.TestInvoker.invokeTestMethods(TestInvoker.java:146)\r\n\tat org.testng.internal.TestMethodWorker.invokeTestMethods(TestMethodWorker.java:146)\r\n\tat org.testng.internal.TestMethodWorker.run(TestMethodWorker.java:128)\r\n\tat java.base/java.util.ArrayList.forEach(ArrayList.java:1511)\r\n\tat org.testng.TestRunner.privateRun(TestRunner.java:794)\r\n\tat org.testng.TestRunner.run(TestRunner.java:596)\r\n\tat org.testng.SuiteRunner.runTest(SuiteRunner.java:377)\r\n\tat org.testng.SuiteRunner.access$000(SuiteRunner.java:28)\r\n\tat org.testng.SuiteRunner$SuiteWorker.run(SuiteRunner.java:418)\r\n\tat org.testng.internal.thread.ThreadUtil.lambda$execute$0(ThreadUtil.java:64)\r\n\tat java.base/java.util.concurrent.FutureTask.run(FutureTask.java:264)\r\n\tat java.base/java.util.concurrent.ThreadPoolExecutor.runWorker(ThreadPoolExecutor.java:1136)\r\n\tat java.base/java.util.concurrent.ThreadPoolExecutor$Worker.run(ThreadPoolExecutor.java:635)\r\n\tat java.base/java.lang.Thread.run(Thread.java:833)\r\n"},"stage":"finished","steps":[{"name":"Search Client","status":"broken","statusDetails":{"known":false,"muted":false,"flaky":false,"message":"stale element reference: element is not attached to the page document\n  (Session info: chrome=103.0.5060.114)\nFor documentation on this error, please visit: https://selenium.dev/exceptions/#stale_element_reference\nBuild info: version: '4.2.2', revision: '683ccb65d6'\nSystem info: host: 'DESKTOP-DLI1F52', ip: '192.168.1.104', os.name: 'Windows 10', os.arch: 'amd64', os.version: '10.0', java.version: '18.0.1.1'\nDriver info: org.openqa.selenium.chrome.ChromeDriver\nCommand: [6703efa87997138adbfa6a35507306a0, executeScript {script=arguments[0].scrollIntoView(true);, args=[{ELEMENT=3d8180c7-f4d3-46db-bef0-eaa9fa927862, element-6066-11e4-a52e-4f735466cecf=3d8180c7-f4d3-46db-bef0-eaa9fa927862}]}]\nCapabilities {acceptInsecureCerts: false, browserName: chrome, browserVersion: 103.0.5060.114, chrome: {chromedriverVersion: 103.0.5060.53 (a1711811edd7..., userDataDir: C:\\Users\\HL94NVT\\AppData\\Lo...}, goog:chromeOptions: {debuggerAddress: localhost:55477}, networkConnectionEnabled: false, pageLoadStrategy: normal, platformName: WINDOWS, proxy: Proxy(), se:cdp: ws://localhost:55477/devtoo..., se:cdpVersion: 103.0.5060.114, setWindowRect: true, strictFileInteractability: false, timeouts: {implicit: 0, pageLoad: 300000, script: 30000}, unhandledPromptBehavior: dismiss and notify, webauthn:extension:credBlob: true, webauthn:extension:largeBlob: true, webauthn:virtualAuthenticators: true}\nSession ID: 6703efa87997138adbfa6a35507306a0","trace":"org.openqa.selenium.StaleElementReferenceException: stale element reference: element is not attached to the page document\n  (Session info: chrome=103.0.5060.114)\nFor documentation on this error, please visit: https://selenium.dev/exceptions/#stale_element_reference\nBuild info: version: '4.2.2', revision: '683ccb65d6'\nSystem info: host: 'DESKTOP-DLI1F52', ip: '192.168.1.104', os.name: 'Windows 10', os.arch: 'amd64', os.version: '10.0', java.version: '18.0.1.1'\nDriver info: org.openqa.selenium.chrome.ChromeDriver\nCommand: [6703efa87997138adbfa6a35507306a0, executeScript {script=arguments[0].scrollIntoView(true);, args=[{ELEMENT=3d8180c7-f4d3-46db-bef0-eaa9fa927862, element-6066-11e4-a52e-4f735466cecf=3d8180c7-f4d3-46db-bef0-eaa9fa927862}]}]\nCapabilities {acceptInsecureCerts: false, browserName: chrome, browserVersion: 103.0.5060.114, chrome: {chromedriverVersion: 103.0.5060.53 (a1711811edd7..., userDataDir: C:\\Users\\HL94NVT\\AppData\\Lo...}, goog:chromeOptions: {debuggerAddress: localhost:55477}, networkConnectionEnabled: false, pageLoadStrategy: normal, platformName: WINDOWS, proxy: Proxy(), se:cdp: ws://localhost:55477/devtoo..., se:cdpVersion: 103.0.5060.114, setWindowRect: true, strictFileInteractability: false, timeouts: {implicit: 0, pageLoad: 300000, script: 30000}, unhandledPromptBehavior: dismiss and notify, webauthn:extension:credBlob: true, webauthn:extension:largeBlob: true, webauthn:virtualAuthenticators: true}\nSession ID: 6703efa87997138adbfa6a35507306a0\r\n\tat java.base/jdk.internal.reflect.DirectConstructorHandleAccessor.newInstance(DirectConstructorHandleAccessor.java:67)\r\n\tat java.base/java.lang.reflect.Constructor.newInstanceWithCaller(Constructor.java:499)\r\n\tat java.base/java.lang.reflect.Constructor.newInstance(Constructor.java:483)\r\n\tat org.openqa.selenium.remote.codec.w3c.W3CHttpResponseCodec.createException(W3CHttpResponseCodec.java:200)\r\n\tat org.openqa.selenium.remote.codec.w3c.W3CHttpResponseCodec.decode(W3CHttpResponseCodec.java:133)\r\n\tat org.openqa.selenium.remote.codec.w3c.W3CHttpResponseCodec.decode(W3CHttpResponseCodec.java:53)\r\n\tat org.openqa.selenium.remote.HttpCommandExecutor.execute(HttpCommandExecutor.java:184)\r\n\tat org.openqa.selenium.remote.service.DriverCommandExecutor.invokeExecute(DriverCommandExecutor.java:167)\r\n\tat org.openqa.selenium.remote.service.DriverCommandExecutor.execute(DriverCommandExecutor.java:142)\r\n\tat org.openqa.selenium.remote.RemoteWebDriver.execute(RemoteWebDriver.java:588)\r\n\tat org.openqa.selenium.remote.RemoteWebDriver.executeScript(RemoteWebDriver.java:522)\r\n\tat java.base/jdk.internal.reflect.DirectMethodHandleAccessor.invoke(DirectMethodHandleAccessor.java:104)\r\n\tat java.base/java.lang.reflect.Method.invoke(Method.java:577)\r\n\tat org.openqa.selenium.support.ThreadGuard$WebDriverInvocationHandler.invokeUnderlying(ThreadGuard.java:101)\r\n\tat org.openqa.selenium.support.ThreadGuard$WebDriverInvocationHandler.invoke(ThreadGuard.java:93)\r\n\tat jdk.proxy2/jdk.proxy2.$Proxy37.executeScript(Unknown Source)\r\n\tat lifetek.vn.utils.WebUI.checkContainsSearchTableByColumn(WebUI.java:1239)\r\n\tat lifetek.vn.projects.website.crm.testcases.ClientTest.testSearchClient(ClientTest.java:53)\r\n\tat java.base/jdk.internal.reflect.DirectMethodHandleAccessor.invoke(DirectMethodHandleAccessor.java:104)\r\n\tat java.base/java.lang.reflect.Method.invoke(Method.java:577)\r\n\tat org.testng.internal.MethodInvocationHelper.invokeMethod(MethodInvocationHelper.java:133)\r\n\tat org.testng.internal.TestInvoker.invokeMethod(TestInvoker.java:598)\r\n\tat org.testng.internal.TestInvoker.invokeTestMethod(TestInvoker.java:173)\r\n\tat org.testng.internal.MethodRunner.runInSequence(MethodRunner.java:46)\r\n\tat org.testng.internal.TestInvoker$MethodInvocationAgent.invoke(TestInvoker.java:824)\r\n\tat org.testng.internal.TestInvoker.invokeTestMethods(TestInvoker.java:146)\r\n\tat org.testng.internal.TestMethodWorker.invokeTestMethods(TestMethodWorker.java:146)\r\n\tat org.testng.internal.TestMethodWorker.run(TestMethodWorker.java:128)\r\n\tat java.base/java.util.ArrayList.forEach(ArrayList.java:1511)\r\n\tat org.testng.TestRunner.privateRun(TestRunner.java:794)\r\n\tat org.testng.TestRunner.run(TestRunner.java:596)\r\n\tat org.testng.SuiteRunner.runTest(SuiteRunner.java:377)\r\n\tat org.testng.SuiteRunner.access$000(SuiteRunner.java:28)\r\n\tat org.testng.SuiteRunner$SuiteWorker.run(SuiteRunner.java:418)\r\n\tat org.testng.internal.thread.ThreadUtil.lambda$execute$0(ThreadUtil.java:64)\r\n\tat java.base/java.util.concurrent.FutureTask.run(FutureTask.java:264)\r\n\tat java.base/java.util.concurrent.ThreadPoolExecutor.runWorker(ThreadPoolExecutor.java:1136)\r\n\tat java.base/java.util.concurrent.ThreadPoolExecutor$Worker.run(ThreadPoolExecutor.java:635)\r\n\tat java.base/java.lang.Thread.run(Thread.java:833)\r\n"},"stage":"finished","steps":[{"name":"Open website with get URL","status":"passed","stage":"finished","steps":[],"attachments":[{"name":"Open URL: https://crm.anhtester.com/","source":"c6bf22fd-2049-4be3-9e3e-6b0cf80283f7-attachment","type":"text/plain"}],"parameters":[{"name":"URL","value":"https://crm.anhtester.com/"}],"start":1657121654321,"stop":1657121655357},{"name":"Set value in textbox","status":"passed","stage":"finished","steps":[],"attachments":[{"name":"admin@mailinator.com value is successfully passed in textbox.","source":"f61f2dbc-c7d6-415e-94f7-4e0e6da0e795-attachment","type":"text/plain"}],"parameters":[{"name":"by","value":"By.xpath: //input[@id='email']"},{"name":"value","value":"admin@mailinator.com"}],"start":1657121655378,"stop":1657121655482},{"name":"Set value in textbox","status":"passed","stage":"finished","steps":[],"attachments":[{"name":"123456 value is successfully passed in textbox.","source":"0b2337ff-8040-4979-a6d0-598e21d34ed5-attachment","type":"text/plain"}],"parameters":[{"name":"by","value":"By.xpath: //input[@id='password']"},{"name":"value","value":"123456"}],"start":1657121655482,"stop":1657121655609},{"name":"Click on the element","status":"passed","stage":"finished","steps":[],"attachments":[{"name":"Clicked on the object By.xpath: //button[normalize-space()='Sign in']","source":"21df29a6-5310-4571-a5d3-34893f214671-attachment","type":"text/plain"}],"parameters":[{"name":"by","value":"By.xpath: //button[normalize-space()='Sign in']"}],"start":1657121655609,"stop":1657121656502},{"name":"Click on the element","status":"passed","stage":"finished","steps":[],"attachments":[{"name":"Clicked on the object By.xpath: //span[normalize-space()='Clients']","source":"714c8928-e575-4679-9654-711b06e3748d-attachment","type":"text/plain"}],"parameters":[{"name":"by","value":"By.xpath: //span[normalize-space()='Clients']"}],"start":1657121656750,"stop":1657121657149},{"name":"Get text element","status":"passed","stage":"finished","steps":[],"attachments":[{"name":"Get text object: By.xpath: //span[normalize-space()='Total clients']","source":"a9f44965-6394-46a1-aa78-b7d2e0846236-attachment","type":"text/plain"},{"name":"===> The value is: Total clients","source":"462044bc-843f-411b-b166-4fc35b5f04d3-attachment","type":"text/plain"}],"parameters":[{"name":"by","value":"By.xpath: //span[normalize-space()='Total clients']"}],"start":1657121657162,"stop":1657121657837},{"name":"Get text element","status":"passed","stage":"finished","steps":[],"attachments":[{"name":"Get text object: By.xpath: //span[normalize-space()='Total clients']","source":"a8066b6a-dace-4b59-817e-71a7f7f42bc3-attachment","type":"text/plain"},{"name":"===> The value is: Total clients","source":"e49be039-2256-41ad-8a1e-a3e36a171cfc-attachment","type":"text/plain"}],"parameters":[{"name":"by","value":"By.xpath: //span[normalize-space()='Total clients']"}],"start":1657121657837,"stop":1657121657920},{"name":"Get text element","status":"passed","stage":"finished","steps":[],"attachments":[{"name":"Get text object: By.xpath: //span[normalize-space()='Total clients']","source":"f46c5423-273b-4cf0-a3d5-77a6fec1f8b6-attachment","type":"text/plain"},{"name":"===> The value is: Total clients","source":"e406f132-94c1-4d2d-baa3-bba2a442940d-attachment","type":"text/plain"}],"parameters":[{"name":"by","value":"By.xpath: //span[normalize-space()='Total clients']"}],"start":1657121657921,"stop":1657121658016},{"name":"Click on the element","status":"passed","stage":"finished","steps":[],"attachments":[{"name":"Clicked on the object By.xpath: //ul[@id='client-tabs']//li[2]","source":"b9e8b44e-03a7-4446-9d96-e8f8145ef5ac-attachment","type":"text/plain"}],"parameters":[{"name":"by","value":"By.xpath: //ul[@id='client-tabs']//li[2]"}],"start":1657121659025,"stop":1657121659104},{"name":"Clear value in textbox","status":"passed","stage":"finished","steps":[],"attachments":[{"name":"Clear value in textbox successfully.","source":"2d75e4bc-bd74-4689-b4b8-4900aff84146-attachment","type":"text/plain"}],"parameters":[{"name":"by","value":"By.xpath: //input[@placeholder='Search']"}],"start":1657121660396,"stop":1657121660451},{"name":"Set value in textbox","status":"passed","stage":"finished","steps":[],"attachments":[{"name":"lifetek value is successfully passed in textbox.","source":"c203dd7b-e5bd-4332-bf51-45af70da54cc-attachment","type":"text/plain"}],"parameters":[{"name":"by","value":"By.xpath: //input[@placeholder='Search']"},{"name":"value","value":"lifetek"}],"start":1657121660452,"stop":1657121660573},{"name":"Check data by CONTAINS type after searching on the Table by Column.","status":"broken","statusDetails":{"known":false,"muted":false,"flaky":false,"message":"stale element reference: element is not attached to the page document\n  (Session info: chrome=103.0.5060.114)\nFor documentation on this error, please visit: https://selenium.dev/exceptions/#stale_element_reference\nBuild info: version: '4.2.2', revision: '683ccb65d6'\nSystem info: host: 'DESKTOP-DLI1F52', ip: '192.168.1.104', os.name: 'Windows 10', os.arch: 'amd64', os.version: '10.0', java.version: '18.0.1.1'\nDriver info: org.openqa.selenium.chrome.ChromeDriver\nCommand: [6703efa87997138adbfa6a35507306a0, executeScript {script=arguments[0].scrollIntoView(true);, args=[{ELEMENT=3d8180c7-f4d3-46db-bef0-eaa9fa927862, element-6066-11e4-a52e-4f735466cecf=3d8180c7-f4d3-46db-bef0-eaa9fa927862}]}]\nCapabilities {acceptInsecureCerts: false, browserName: chrome, browserVersion: 103.0.5060.114, chrome: {chromedriverVersion: 103.0.5060.53 (a1711811edd7..., userDataDir: C:\\Users\\HL94NVT\\AppData\\Lo...}, goog:chromeOptions: {debuggerAddress: localhost:55477}, networkConnectionEnabled: false, pageLoadStrategy: normal, platformName: WINDOWS, proxy: Proxy(), se:cdp: ws://localhost:55477/devtoo..., se:cdpVersion: 103.0.5060.114, setWindowRect: true, strictFileInteractability: false, timeouts: {implicit: 0, pageLoad: 300000, script: 30000}, unhandledPromptBehavior: dismiss and notify, webauthn:extension:credBlob: true, webauthn:extension:largeBlob: true, webauthn:virtualAuthenticators: true}\nSession ID: 6703efa87997138adbfa6a35507306a0","trace":"org.openqa.selenium.StaleElementReferenceException: stale element reference: element is not attached to the page document\n  (Session info: chrome=103.0.5060.114)\nFor documentation on this error, please visit: https://selenium.dev/exceptions/#stale_element_reference\nBuild info: version: '4.2.2', revision: '683ccb65d6'\nSystem info: host: 'DESKTOP-DLI1F52', ip: '192.168.1.104', os.name: 'Windows 10', os.arch: 'amd64', os.version: '10.0', java.version: '18.0.1.1'\nDriver info: org.openqa.selenium.chrome.ChromeDriver\nCommand: [6703efa87997138adbfa6a35507306a0, executeScript {script=arguments[0].scrollIntoView(true);, args=[{ELEMENT=3d8180c7-f4d3-46db-bef0-eaa9fa927862, element-6066-11e4-a52e-4f735466cecf=3d8180c7-f4d3-46db-bef0-eaa9fa927862}]}]\nCapabilities {acceptInsecureCerts: false, browserName: chrome, browserVersion: 103.0.5060.114, chrome: {chromedriverVersion: 103.0.5060.53 (a1711811edd7..., userDataDir: C:\\Users\\HL94NVT\\AppData\\Lo...}, goog:chromeOptions: {debuggerAddress: localhost:55477}, networkConnectionEnabled: false, pageLoadStrategy: normal, platformName: WINDOWS, proxy: Proxy(), se:cdp: ws://localhost:55477/devtoo..., se:cdpVersion: 103.0.5060.114, setWindowRect: true, strictFileInteractability: false, timeouts: {implicit: 0, pageLoad: 300000, script: 30000}, unhandledPromptBehavior: dismiss and notify, webauthn:extension:credBlob: true, webauthn:extension:largeBlob: true, webauthn:virtualAuthenticators: true}\nSession ID: 6703efa87997138adbfa6a35507306a0\r\n\tat java.base/jdk.internal.reflect.DirectConstructorHandleAccessor.newInstance(DirectConstructorHandleAccessor.java:67)\r\n\tat java.base/java.lang.reflect.Constructor.newInstanceWithCaller(Constructor.java:499)\r\n\tat java.base/java.lang.reflect.Constructor.newInstance(Constructor.java:483)\r\n\tat org.openqa.selenium.remote.codec.w3c.W3CHttpResponseCodec.createException(W3CHttpResponseCodec.java:200)\r\n\tat org.openqa.selenium.remote.codec.w3c.W3CHttpResponseCodec.decode(W3CHttpResponseCodec.java:133)\r\n\tat org.openqa.selenium.remote.codec.w3c.W3CHttpResponseCodec.decode(W3CHttpResponseCodec.java:53)\r\n\tat org.openqa.selenium.remote.HttpCommandExecutor.execute(HttpCommandExecutor.java:184)\r\n\tat org.openqa.selenium.remote.service.DriverCommandExecutor.invokeExecute(DriverCommandExecutor.java:167)\r\n\tat org.openqa.selenium.remote.service.DriverCommandExecutor.execute(DriverCommandExecutor.java:142)\r\n\tat org.openqa.selenium.remote.RemoteWebDriver.execute(RemoteWebDriver.java:588)\r\n\tat org.openqa.selenium.remote.RemoteWebDriver.executeScript(RemoteWebDriver.java:522)\r\n\tat java.base/jdk.internal.reflect.DirectMethodHandleAccessor.invoke(DirectMethodHandleAccessor.java:104)\r\n\tat java.base/java.lang.reflect.Method.invoke(Method.java:577)\r\n\tat org.openqa.selenium.support.ThreadGuard$WebDriverInvocationHandler.invokeUnderlying(ThreadGuard.java:101)\r\n\tat org.openqa.selenium.support.ThreadGuard$WebDriverInvocationHandler.invoke(ThreadGuard.java:93)\r\n\tat jdk.proxy2/jdk.proxy2.$Proxy37.executeScript(Unknown Source)\r\n\tat lifetek.vn.utils.WebUI.checkContainsSearchTableByColumn(WebUI.java:1239)\r\n\tat lifetek.vn.projects.website.crm.testcases.ClientTest.testSearchClient(ClientTest.java:53)\r\n\tat java.base/jdk.internal.reflect.DirectMethodHandleAccessor.invoke(DirectMethodHandleAccessor.java:104)\r\n\tat java.base/java.lang.reflect.Method.invoke(Method.java:577)\r\n\tat org.testng.internal.MethodInvocationHelper.invokeMethod(MethodInvocationHelper.java:133)\r\n\tat org.testng.internal.TestInvoker.invokeMethod(TestInvoker.java:598)\r\n\tat org.testng.internal.TestInvoker.invokeTestMethod(TestInvoker.java:173)\r\n\tat org.testng.internal.MethodRunner.runInSequence(MethodRunner.java:46)\r\n\tat org.testng.internal.TestInvoker$MethodInvocationAgent.invoke(TestInvoker.java:824)\r\n\tat org.testng.internal.TestInvoker.invokeTestMethods(TestInvoker.java:146)\r\n\tat org.testng.internal.TestMethodWorker.invokeTestMethods(TestMethodWorker.java:146)\r\n\tat org.testng.internal.TestMethodWorker.run(TestMethodWorker.java:128)\r\n\tat java.base/java.util.ArrayList.forEach(ArrayList.java:1511)\r\n\tat org.testng.TestRunner.privateRun(TestRunner.java:794)\r\n\tat org.testng.TestRunner.run(TestRunner.java:596)\r\n\tat org.testng.SuiteRunner.runTest(SuiteRunner.java:377)\r\n\tat org.testng.SuiteRunner.access$000(SuiteRunner.java:28)\r\n\tat org.testng.SuiteRunner$SuiteWorker.run(SuiteRunner.java:418)\r\n\tat org.testng.internal.thread.ThreadUtil.lambda$execute$0(ThreadUtil.java:64)\r\n\tat java.base/java.util.concurrent.FutureTask.run(FutureTask.java:264)\r\n\tat java.base/java.util.concurrent.ThreadPoolExecutor.runWorker(ThreadPoolExecutor.java:1136)\r\n\tat java.base/java.util.concurrent.ThreadPoolExecutor$Worker.run(ThreadPoolExecutor.java:635)\r\n\tat java.base/java.lang.Thread.run(Thread.java:833)\r\n"},"stage":"finished","steps":[],"attachments":[],"parameters":[{"name":"column","value":"2"},{"name":"value","value":"lifetek"}],"start":1657121660574,"stop":1657121661659}],"attachments":[],"parameters":[],"start":1657121654262,"stop":1657121661659}],"attachments":[{"name":"Failed test screenshot","source":"89b3624e-c93d-4f2d-ab47-b6f865122ff4-attachment","type":"image/png"}],"parameters":[{"name":"browser","value":"chrome"}],"start":1657121654254,"stop":1657121662099}